<?xml version="1.0" encoding="UTF-8" ?>
<testsuite tests="1" failures="1" name="controllers.LoginLogoutControllerTest" time="18.003" errors="0" skipped="0">
  <properties>
[...]
</properties>
  <testcase classname="controllers.LoginLogoutControllerTest" name="testLogingLogout" time="18.003">
    <failure type="java.lang.AssertionError">java.lang.AssertionError
	at org.junit.Assert.fail(Assert.java:86)
	at org.junit.Assert.assertTrue(Assert.java:41)
	at org.junit.Assert.assertTrue(Assert.java:52)
	at controllers.LoginLogoutControllerTest.testLogingLogout(LoginLogoutControllerTest.java:42)
	at sun.reflect.NativeMethodAccessorImpl.invoke0(Native Method)
	at sun.reflect.NativeMethodAccessorImpl.invoke(NativeMethodAccessorImpl.java:62)
	at sun.reflect.DelegatingMethodAccessorImpl.invoke(DelegatingMethodAccessorImpl.java:43)
	at java.lang.reflect.Method.invoke(Method.java:497)
	at org.junit.runners.model.FrameworkMethod$1.runReflectiveCall(FrameworkMethod.java:47)
	at org.junit.internal.runners.model.ReflectiveCallable.run(ReflectiveCallable.java:12)
	at org.junit.runners.model.FrameworkMethod.invokeExplosively(FrameworkMethod.java:44)
	at org.junit.internal.runners.statements.InvokeMethod.evaluate(InvokeMethod.java:17)
	at org.junit.internal.runners.statements.RunBefores.evaluate(RunBefores.java:26)
	at org.junit.internal.runners.statements.RunAfters.evaluate(RunAfters.java:27)
	at org.junit.runners.ParentRunner.runLeaf(ParentRunner.java:271)
	at org.junit.runners.BlockJUnit4ClassRunner.runChild(BlockJUnit4ClassRunner.java:70)
	at org.junit.runners.BlockJUnit4ClassRunner.runChild(BlockJUnit4ClassRunner.java:50)
	at org.junit.runners.ParentRunner$3.run(ParentRunner.java:238)
	at org.junit.runners.ParentRunner$1.schedule(ParentRunner.java:63)
	at org.junit.runners.ParentRunner.runChildren(ParentRunner.java:236)
	at org.junit.runners.ParentRunner.access$000(ParentRunner.java:53)
	at org.junit.runners.ParentRunner$2.evaluate(ParentRunner.java:229)
	at org.junit.runners.ParentRunner.run(ParentRunner.java:309)
	at org.apache.maven.surefire.junit4.JUnit4Provider.execute(JUnit4Provider.java:252)
	at org.apache.maven.surefire.junit4.JUnit4Provider.executeTestSet(JUnit4Provider.java:141)
	at org.apache.maven.surefire.junit4.JUnit4Provider.invoke(JUnit4Provider.java:112)
	at sun.reflect.NativeMethodAccessorImpl.invoke0(Native Method)
	at sun.reflect.NativeMethodAccessorImpl.invoke(NativeMethodAccessorImpl.java:62)
	at sun.reflect.DelegatingMethodAccessorImpl.invoke(DelegatingMethodAccessorImpl.java:43)
	at java.lang.reflect.Method.invoke(Method.java:497)
	at org.apache.maven.surefire.util.ReflectionUtils.invokeMethodWithArray(ReflectionUtils.java:189)
	at org.apache.maven.surefire.booter.ProviderFactory$ProviderProxy.invoke(ProviderFactory.java:165)
	at org.apache.maven.surefire.booter.ProviderFactory.invokeProvider(ProviderFactory.java:85)
	at org.apache.maven.surefire.booter.ForkedBooter.runSuitesInProcess(ForkedBooter.java:115)
	at org.apache.maven.surefire.booter.ForkedBooter.main(ForkedBooter.java:75)
</failure>
    <system-out>12:56:09.212 [main] INFO  org.eclipse.jetty.util.log - Logging initialized @685ms
12:56:09.320 [main] INFO  org.eclipse.jetty.server.Server - jetty-9.2.10.v20150310
12:56:09.366 [main] INFO  ninja.servlet.NinjaBootstrap - Successfully configured Logback.
12:56:10.186 [main] INFO  ninja.utils.SwissKnife - Could not load file conf/messages_en.properties (not a bad thing necessarily, but I am returing null)
12:56:10.186 [main] INFO  ninja.i18n.MessagesImpl - Did not find conf/messages_en.properties but it was specified in application.conf. Using default language instead.
12:56:10.240 [main] INFO  n.template.TemplateEngineManagerImpl - -------------------------------------------------------------------
12:56:10.241 [main] INFO  n.template.TemplateEngineManagerImpl - Registered response template engines
12:56:10.241 [main] INFO  n.template.TemplateEngineManagerImpl - -------------------------------------------------------------------
12:56:10.242 [main] INFO  n.template.TemplateEngineManagerImpl - application/javascript  =&gt;  ninja.template.TemplateEngineJsonP
12:56:10.242 [main] INFO  n.template.TemplateEngineManagerImpl - application/json        =&gt;  ninja.template.TemplateEngineJson
12:56:10.242 [main] INFO  n.template.TemplateEngineManagerImpl - application/xml         =&gt;  ninja.template.TemplateEngineXml
12:56:10.242 [main] INFO  n.template.TemplateEngineManagerImpl - text/html               =&gt;  ninja.template.TemplateEngineFreemarker
12:56:10.242 [main] INFO  n.template.TemplateEngineManagerImpl - text/plain              =&gt;  ninja.template.TemplateEngineText
12:56:10.247 [main] INFO  Ninja - Using default eh cache implementation. (class ninja.cache.CacheEhCacheImpl) 
12:56:10.361 [main] INFO  n.b.BodyParserEngineManagerImpl - ----------------------------------------------------------------------------
12:56:10.361 [main] INFO  n.b.BodyParserEngineManagerImpl - Registered request bodyparser engines
12:56:10.361 [main] INFO  n.b.BodyParserEngineManagerImpl - ----------------------------------------------------------------------------
12:56:10.361 [main] INFO  n.b.BodyParserEngineManagerImpl - application/json                   =&gt;  ninja.bodyparser.BodyParserEngineJson
12:56:10.361 [main] INFO  n.b.BodyParserEngineManagerImpl - application/x-www-form-urlencoded  =&gt;  ninja.bodyparser.BodyParserEnginePost
12:56:10.361 [main] INFO  n.b.BodyParserEngineManagerImpl - application/xml                    =&gt;  ninja.bodyparser.BodyParserEngineXml
12:56:10.717 [main] INFO  ninja.RouterImpl - -------------------------------------------------------------------------------------------------------
12:56:10.717 [main] INFO  ninja.RouterImpl - Registered routes
12:56:10.717 [main] INFO  ninja.RouterImpl - -------------------------------------------------------------------------------------------------------
12:56:10.718 [main] INFO  ninja.RouterImpl - GET  /app/dashboard                      =&gt;  controllers.ApplicationController.dashboard()
12:56:10.718 [main] INFO  ninja.RouterImpl - GET  /settings                           =&gt;  controllers.ApplicationController.settings()
12:56:10.718 [main] INFO  ninja.RouterImpl - GET  /settings/user/new                  =&gt;  controllers.ApplicationController.newUser()
12:56:10.719 [main] INFO  ninja.RouterImpl - POST /settings/user/new                  =&gt;  controllers.ApplicationController.create()
12:56:10.720 [main] INFO  ninja.RouterImpl - POST /settings/user/new/upload           =&gt;  controllers.ApplicationController.upload()
12:56:10.721 [main] INFO  ninja.RouterImpl - GET  /members                            =&gt;  controllers.ApplicationController.memberList()
12:56:10.722 [main] INFO  ninja.RouterImpl - POST /settings/user/update               =&gt;  controllers.ApplicationController.update()
12:56:10.723 [main] INFO  ninja.RouterImpl - GET  /settings/user/loginCredentials     =&gt;  controllers.ApplicationController.newLoginCredentials()
12:56:10.725 [main] INFO  ninja.RouterImpl - POST /settings/user/loginCredentials     =&gt;  controllers.ApplicationController.createLoginCredentials()
12:56:10.726 [main] INFO  ninja.RouterImpl - GET  /settings/user/changepassword/{id}  =&gt;  controllers.ApplicationController.newChangePassword()
12:56:10.727 [main] INFO  ninja.RouterImpl - POST /settings/user/changepassword/      =&gt;  controllers.ApplicationController.changePassword()
12:56:10.728 [main] INFO  ninja.RouterImpl - GET  /settings/user/{id}                 =&gt;  controllers.ApplicationController.editUser()
12:56:10.728 [main] INFO  ninja.RouterImpl - GET  /login                              =&gt;  controllers.LoginLogoutController.login()
12:56:10.728 [main] INFO  ninja.RouterImpl - POST /login                              =&gt;  controllers.LoginLogoutController.loginPost()
12:56:10.728 [main] INFO  ninja.RouterImpl - GET  /logout                             =&gt;  controllers.LoginLogoutController.logout()
12:56:10.729 [main] INFO  ninja.RouterImpl - GET  /contact/new                        =&gt;  controllers.ContactUsController.newContactUs()
12:56:10.729 [main] INFO  ninja.RouterImpl - POST /contact                            =&gt;  controllers.ContactUsController.create()
12:56:10.732 [main] INFO  ninja.RouterImpl - GET  /contact                            =&gt;  controllers.ContactUsController.index()
12:56:10.733 [main] INFO  ninja.RouterImpl - GET  /project                            =&gt;  controllers.ProjectController.index()
12:56:10.733 [main] INFO  ninja.RouterImpl - POST /project                            =&gt;  controllers.ProjectController.create()
12:56:10.735 [main] INFO  ninja.RouterImpl - GET  /project/new                        =&gt;  controllers.ProjectController.newProject()
12:56:10.735 [main] INFO  ninja.RouterImpl - POST /project/upload                     =&gt;  controllers.ProjectController.upload()
12:56:10.736 [main] INFO  ninja.RouterImpl - GET  /project/events                     =&gt;  controllers.ProjectController.showNewsEvent()
12:56:10.738 [main] INFO  ninja.RouterImpl - GET  /project/{id}                       =&gt;  controllers.ProjectController.showProject()
12:56:10.739 [main] INFO  ninja.RouterImpl - GET  /project/edit/{id}                  =&gt;  controllers.ProjectController.editProject()
12:56:10.741 [main] INFO  ninja.RouterImpl - POST /project/update                     =&gt;  controllers.ProjectController.update()
12:56:10.742 [main] INFO  ninja.RouterImpl - GET  /donation                           =&gt;  controllers.DonationController.index()
12:56:10.743 [main] INFO  ninja.RouterImpl - GET  /donation/new                       =&gt;  controllers.DonationController.newDonation()
12:56:10.744 [main] INFO  ninja.RouterImpl - POST /donation/new                       =&gt;  controllers.DonationController.create()
12:56:10.744 [main] INFO  ninja.RouterImpl - GET  /donation/edit/{id}                 =&gt;  controllers.DonationController.editDonation()
12:56:10.744 [main] INFO  ninja.RouterImpl - POST /donation/update                    =&gt;  controllers.DonationController.update()
12:56:10.745 [main] INFO  ninja.RouterImpl - GET  /assets/webjars/{fileName: .*}      =&gt;  ninja.AssetsController.serveWebJars()
12:56:10.745 [main] INFO  ninja.RouterImpl - GET  /assets/{fileName: .*}              =&gt;  ninja.AssetsController.serveStatic()
12:56:10.745 [main] INFO  ninja.RouterImpl - GET  /.*                                 =&gt;  controllers.ApplicationController.index()
12:56:10.745 [main] INFO  ninja.servlet.NinjaBootstrap - Ninja injector started in 1379 ms.
12:56:10.746 [main] INFO  ninja.NinjaDefault - 
 _______  .___ _______        ____.  _____   
 \      \ |   |\      \      |    | /  _  \  
 /   |   \|   |/   |   \     |    |/  /_\  \ 
/    |    \   /    |    \/\__|    /    |    \  http://www.ninjaframework.org
\____|__  /___\____|__  /\________\____|__  /  @ninjaframework
     web\/framework   \/                  \/   5.2.1

12:56:10.747 [main] INFO  ninja.lifecycle.LifecycleServiceImpl - Starting Ninja application...
12:56:10.805 [main] INFO  o.f.c.internal.util.VersionPrinter - Flyway 3.2.1 by Boxfuse
12:56:11.234 [main] INFO  o.f.c.i.dbsupport.DbSupportFactory - Database: jdbc:mysql://localhost:3306/hb (MySQL 5.5)
12:56:12.623 [main] INFO  o.f.core.internal.command.DbClean - Cleaned schema `hb` (execution time 00:01.330s)
12:56:12.664 [main] INFO  o.f.core.internal.command.DbValidate - Validated 2 migrations (execution time 00:00.009s)
12:56:12.721 [main] INFO  o.f.c.i.m.MetaDataTableImpl - Creating Metadata table: `hb`.`schema_version`
12:56:14.114 [main] INFO  o.f.core.internal.command.DbMigrate - Current version of schema `hb`: &lt;&lt; Empty Schema &gt;&gt;
12:56:14.114 [main] INFO  o.f.core.internal.command.DbMigrate - Migrating schema `hb` to version 1 - 
12:56:14.819 [main] INFO  o.f.core.internal.command.DbMigrate - Migrating schema `hb` to version 2 - 
12:56:14.873 [main] INFO  o.f.core.internal.command.DbMigrate - Successfully applied 2 migrations to schema `hb` (execution time 00:02.153s).
12:56:14.911 [main] WARN  o.hibernate.ejb.HibernatePersistence - HHH015016: Encountered a deprecated javax.persistence.spi.PersistenceProvider [org.hibernate.ejb.HibernatePersistence]; use [org.hibernate.jpa.HibernatePersistenceProvider] instead.
12:56:14.911 [main] WARN  o.hibernate.ejb.HibernatePersistence - HHH015016: Encountered a deprecated javax.persistence.spi.PersistenceProvider [org.hibernate.ejb.HibernatePersistence]; use [org.hibernate.jpa.HibernatePersistenceProvider] instead.
12:56:14.912 [main] WARN  o.hibernate.ejb.HibernatePersistence - HHH015016: Encountered a deprecated javax.persistence.spi.PersistenceProvider [org.hibernate.ejb.HibernatePersistence]; use [org.hibernate.jpa.HibernatePersistenceProvider] instead.
12:56:15.140 [main] INFO  o.h.jpa.internal.util.LogHelper - HHH000204: Processing PersistenceUnitInfo [
	name: mysql
	...]
12:56:15.220 [main] INFO  org.hibernate.Version - HHH000412: Hibernate Core {4.3.8.Final}
12:56:15.222 [main] INFO  org.hibernate.cfg.Environment - HHH000206: hibernate.properties not found
12:56:15.223 [main] INFO  org.hibernate.cfg.Environment - HHH000021: Bytecode provider name : javassist
12:56:15.505 [main] INFO  o.h.annotations.common.Version - HCANN000001: Hibernate Commons Annotations {4.0.5.Final}
12:56:15.543 [main] INFO  o.h.e.j.c.i.ConnectionProviderInitiator - HHH000130: Instantiating explicit connection provider: org.hibernate.service.jdbc.connections.internal.C3P0ConnectionProvider
12:56:15.553 [main] INFO  o.h.c.i.C3P0ConnectionProvider - HHH010002: C3P0 using driver: com.mysql.jdbc.Driver at URL: jdbc:mysql://localhost:3306/hb
12:56:15.553 [main] INFO  o.h.c.i.C3P0ConnectionProvider - HHH000046: Connection properties: {user=root, password=****}
12:56:15.553 [main] INFO  o.h.c.i.C3P0ConnectionProvider - HHH000006: Autocommit mode: false
12:56:15.567 [main] INFO  com.mchange.v2.log.MLog - MLog clients using log4j logging.
12:56:15.665 [main] INFO  com.mchange.v2.c3p0.C3P0Registry - Initializing c3p0-0.9.2.1 [built 20-March-2013 10:47:27 +0000; debug? true; trace: 10]
12:56:15.742 [main] INFO  c.m.v.c.i.AbstractPoolBackedDataSource - Initializing c3p0 pool... com.mchange.v2.c3p0.PoolBackedDataSource@b2ddad3f [ connectionPoolDataSource -&gt; com.mchange.v2.c3p0.WrapperConnectionPoolDataSource@fe9d8732 [ acquireIncrement -&gt; 1, acquireRetryAttempts -&gt; 30, acquireRetryDelay -&gt; 1000, autoCommitOnClose -&gt; false, automaticTestTable -&gt; null, breakAfterAcquireFailure -&gt; false, checkoutTimeout -&gt; 0, connectionCustomizerClassName -&gt; null, connectionTesterClassName -&gt; com.mchange.v2.c3p0.impl.DefaultConnectionTester, debugUnreturnedConnectionStackTraces -&gt; false, factoryClassLocation -&gt; null, forceIgnoreUnresolvedTransactions -&gt; false, identityToken -&gt; z8kfsx9c1m2zq14t75kn2|184dbacc, idleConnectionTestPeriod -&gt; 1500, initialPoolSize -&gt; 5, maxAdministrativeTaskTime -&gt; 0, maxConnectionAge -&gt; 0, maxIdleTime -&gt; 1000, maxIdleTimeExcessConnections -&gt; 0, maxPoolSize -&gt; 20, maxStatements -&gt; 25, maxStatementsPerConnection -&gt; 0, minPoolSize -&gt; 5, nestedDataSource -&gt; com.mchange.v2.c3p0.DriverManagerDataSource@a147fd44 [ description -&gt; null, driverClass -&gt; null, factoryClassLocation -&gt; null, identityToken -&gt; z8kfsx9c1m2zq14t75kn2|314c8b4a, jdbcUrl -&gt; jdbc:mysql://localhost:3306/hb, properties -&gt; {user=******, password=******} ], preferredTestQuery -&gt; null, propertyCycle -&gt; 0, statementCacheNumDeferredCloseThreads -&gt; 0, testConnectionOnCheckin -&gt; false, testConnectionOnCheckout -&gt; false, unreturnedConnectionTimeout -&gt; 0, usesTraditionalReflectiveProxies -&gt; false; userOverrides: {} ], dataSourceName -&gt; null, factoryClassLocation -&gt; null, identityToken -&gt; z8kfsx9c1m2zq14t75kn2|7c2312fa, numHelperThreads -&gt; 3 ]
12:56:15.829 [main] INFO  org.hibernate.dialect.Dialect - HHH000400: Using dialect: org.hibernate.dialect.MySQLDialect
12:56:15.841 [main] INFO  o.h.e.j.internal.LobCreatorBuilder - HHH000424: Disabling contextual LOB creation as createClob() method threw error : java.lang.reflect.InvocationTargetException
12:56:15.984 [main] INFO  o.h.h.i.a.ASTQueryTranslatorFactory - HHH000397: Using ASTQueryTranslatorFactory
12:56:16.037 [main] INFO  o.h.validator.internal.util.Version - HV000001: Hibernate Validator 4.3.1.Final
12:56:16.653 [main] INFO  o.h.tool.hbm2ddl.SchemaUpdate - HHH000228: Running hbm2ddl schema update
12:56:16.654 [main] INFO  o.h.tool.hbm2ddl.SchemaUpdate - HHH000102: Fetching database metadata
12:56:16.681 [main] INFO  o.h.tool.hbm2ddl.SchemaUpdate - HHH000396: Updating schema
12:56:16.687 [main] INFO  java.sql.DatabaseMetaData - HHH000262: Table not found: ContactUs
12:56:16.696 [main] INFO  java.sql.DatabaseMetaData - HHH000262: Table not found: Donation
12:56:16.698 [main] INFO  java.sql.DatabaseMetaData - HHH000262: Table not found: Login
12:56:16.702 [main] INFO  java.sql.DatabaseMetaData - HHH000262: Table not found: Picture
12:56:16.705 [main] INFO  java.sql.DatabaseMetaData - HHH000262: Table not found: Project
12:56:16.754 [main] INFO  o.h.tool.hbm2ddl.TableMetadata - HHH000261: Table found: hb.User
12:56:16.755 [main] INFO  o.h.tool.hbm2ddl.TableMetadata - HHH000037: Columns: [password, isadmin, id, fullname, username]
12:56:16.756 [main] INFO  o.h.tool.hbm2ddl.TableMetadata - HHH000108: Foreign keys: []
12:56:16.757 [main] INFO  o.h.tool.hbm2ddl.TableMetadata - HHH000126: Indexes: [primary]
12:56:16.761 [main] INFO  java.sql.DatabaseMetaData - HHH000262: Table not found: ContactUs
12:56:16.769 [main] INFO  java.sql.DatabaseMetaData - HHH000262: Table not found: Donation
12:56:16.770 [main] INFO  java.sql.DatabaseMetaData - HHH000262: Table not found: Login
12:56:16.774 [main] INFO  java.sql.DatabaseMetaData - HHH000262: Table not found: Picture
12:56:16.781 [main] INFO  java.sql.DatabaseMetaData - HHH000262: Table not found: Project
12:56:16.788 [main] INFO  java.sql.DatabaseMetaData - HHH000262: Table not found: ContactUs
12:56:16.790 [main] INFO  java.sql.DatabaseMetaData - HHH000262: Table not found: Donation
12:56:16.795 [main] INFO  java.sql.DatabaseMetaData - HHH000262: Table not found: Login
12:56:16.799 [main] INFO  java.sql.DatabaseMetaData - HHH000262: Table not found: Picture
12:56:16.801 [main] INFO  java.sql.DatabaseMetaData - HHH000262: Table not found: Project
12:56:21.732 [main] ERROR o.h.tool.hbm2ddl.SchemaUpdate - HHH000388: Unsuccessful: alter table Login add constraint FK_mgb97de8dtcpqpcxg9aabaxqu foreign key (user_id) references User (id)
12:56:21.732 [main] ERROR o.h.tool.hbm2ddl.SchemaUpdate - Can&apos;t create table &apos;hb.#sql-4b4_eb7&apos; (errno: 150)
12:56:23.936 [main] ERROR o.h.tool.hbm2ddl.SchemaUpdate - HHH000388: Unsuccessful: alter table Picture add constraint FK_kna7qhxcd4tdm0nddx94j4axs foreign key (user_id) references User (id)
12:56:23.936 [main] ERROR o.h.tool.hbm2ddl.SchemaUpdate - Can&apos;t create table &apos;hb.#sql-4b4_eb7&apos; (errno: 150)
12:56:23.936 [main] INFO  o.h.tool.hbm2ddl.SchemaUpdate - HHH000232: Schema update complete
12:56:24.375 [main] INFO  ninja.lifecycle.LifecycleServiceImpl - Ninja application started in 13628ms
12:56:24.405 [main] INFO  o.e.j.server.handler.ContextHandler - Started o.e.j.s.ServletContextHandler@3330f3ad{/,null,AVAILABLE}
12:56:24.422 [main] INFO  o.e.jetty.server.ServerConnector - Started ServerConnector@4de1f12{HTTP/1.1}{0.0.0.0:1024}
12:56:24.422 [main] INFO  org.eclipse.jetty.server.Server - Started @15897ms
&lt;!DOCTYPE html&gt;&lt;html lang=&quot;en&quot;&gt;  &lt;head&gt;    &lt;meta charset=&quot;utf-8&quot;&gt;    &lt;title&gt;Home page&lt;/title&gt;    &lt;meta name=&quot;viewport&quot; content=&quot;width=device-width, initial-scale=1.0&quot;&gt;    &lt;meta name=&quot;keywords&quot; content=&quot;hamro bhabisya, hamrobhabisya, social organization nepal, charity organization nepal, donation in nepal&quot;&gt;    &lt;meta name=&quot;description&quot; content=&quot;Welcome to Hamro Bhabisya website&quot;&gt;    &lt;meta name=&quot;author&quot; content=&quot;Buddhi Bal Thapa&quot;&gt;    &lt;link rel=”author” href=”https://plus.google.com/114837468939461845955”/&gt;    &lt;!-- Le styles --&gt;    &lt;link href=&quot;/assets/webjars/bootstrap/3.3.4/css/bootstrap.min.css&quot; rel=&quot;stylesheet&quot;&gt;    &lt;link rel=&quot;stylesheet&quot; href=&quot;/assets/css/custom.css&quot;&gt;    &lt;link rel=&quot;stylesheet&quot; href=&quot;/assets/css/jquery-ui.min.css&quot;&gt;    &lt;link rel=&quot;stylesheet&quot; href=&quot;/assets/css/jquery-confirm.min.css&quot;&gt;    &lt;link rel=&quot;stylesheet&quot; href=&quot;/assets/css/bootstrap-social.css&quot;&gt;    &lt;link rel=&quot;stylesheet&quot; href=&quot;https://maxcdn.bootstrapcdn.com/font-awesome/4.4.0/css/font-awesome.min.css&quot;&gt;        &lt;style&gt;    body{background: #E4E4E4 none repeat scroll 0% 0%; !important}    .btn{border-radius: 0px; !important}    #slides {display: none;}    .container {margin: 0 auto;}    /* For tablets &amp; smart phones */    @media (max-width: 767px) {      body {        padding-left: 20px;        padding-right: 20px;      }      .container {        width: auto      }    }    /* For smartphones */    @media (max-width: 480px) {      .container {        width: auto      }    }    /* For smaller displays like laptops */    @media (min-width: 768px) and (max-width: 979px) {      .container {        width: 724px      }    }    /* For larger displays */    @media (min-width: 1200px) {      .container {        width: 1240px      }    }  &lt;/style&gt;    &lt;!-- Latest compiled and minified JavaScript --&gt;        &lt;!-- Le HTML5 shim, for IE6-8 support of HTML5 elements --&gt;    &lt;!--[if lt IE 9]&gt;      &lt;script src=&quot;https://html5shim.googlecode.com/svn/trunk/html5.js&quot;&gt;&lt;/script&gt;    &lt;![endif]--&gt;  &lt;/head&gt;  &lt;body&gt;    &lt;div class=&quot;container clear-fix&quot;&gt;&lt;div class=&quot;navbar navbar-default  navbar-bottom-color&quot;&gt;			&lt;button type=&quot;button&quot; class=&quot;navbar-toggle&quot; data-toggle=&quot;collapse&quot; data-target=&quot;.navbar-collapse&quot;&gt;				&lt;span class=&quot;icon-bar&quot;&gt;&lt;/span&gt; 				&lt;span class=&quot;icon-bar&quot;&gt;&lt;/span&gt; 				&lt;span class=&quot;icon-bar&quot;&gt;&lt;/span&gt;			&lt;/button&gt;		&lt;div class=&quot;navbar-header&quot;&gt;			&lt;a class=&quot;navbar-brand&quot; href=&quot;/&quot;&gt;&lt;img src=&quot;/assets/image/hblogo.jpg&quot; class=&quot;img-responsive hblogo&quot;/&gt;&lt;/a&gt;			&lt;h4 class=&quot;company-name&quot;&gt;HamroBhabisya&lt;/h4&gt;			&lt;p class=&quot;company-slogan hidden-xs&quot;&gt;Together, we can...&lt;/p&gt;		&lt;/div&gt;		&lt;div class=&quot;navbar-collapse collapse&quot;&gt;			&lt;ul class=&quot;nav navbar-nav&quot;&gt;				&lt;li&gt;&lt;a href=&quot;/&quot;&gt;Home&lt;/a&gt;&lt;/li&gt;				&lt;li&gt;&lt;a href=&quot;/about&quot;&gt;About Us&lt;/a&gt;&lt;/li&gt;				&lt;li&gt;&lt;a href=&quot;/project&quot;&gt;Project&lt;/a&gt;&lt;/li&gt;				&lt;li&gt;&lt;a href=&quot;/financialreport&quot;&gt;Financial Reports&lt;/a&gt;&lt;/li&gt;				&lt;li&gt;&lt;a href=&quot;/contact/new&quot;&gt;Contact Us&lt;/a&gt;&lt;/li&gt;				&lt;li&gt;&lt;a href=&quot;/donation&quot;&gt;Donation&lt;/a&gt;&lt;/li&gt;			&lt;/ul&gt;			&lt;ul class=&quot;nav navbar-nav navbar-right &quot;&gt;	                &lt;li&gt;&lt;a href=&quot;/login&quot; id=&quot;login&quot;&gt;Login&lt;/a&gt;&lt;/li&gt;			&lt;/ul&gt;		&lt;/div&gt;		&lt;!--/.navbar-collapse --&gt;&lt;/div&gt;                		&lt;div id=&quot;slides&quot;&gt;			&lt;a href=&quot;#&quot; class=&quot;slidesjs-previous slidesjs-navigation&quot;&gt;&lt;i class=&quot;glyphicon glyphicon-chevron-left&quot;&gt;&lt;/i&gt;&lt;/a&gt;              &lt;a href=&quot;#&quot; class=&quot;slidesjs-next slidesjs-navigation&quot;&gt;&lt;i class=&quot;glyphicon glyphicon-chevron-right&quot;&gt;&lt;/i&gt;&lt;/a&gt;		&lt;/div&gt;	&lt;div class=&quot;row&quot;&gt;	&lt;/div&gt;	&lt;div class=&quot;row donate-project-connect&quot;&gt;		&lt;div class=&quot;col-md-4 donate-project-connect-box&quot;&gt;			&lt;div class=&quot;col-md-4 text-center news-margin&quot;&gt;				&lt;img src=&quot;/assets/image/donation.png&quot;/&gt;			&lt;/div&gt;			&lt;div class=&quot;col-md-8&quot;&gt;				&lt;h2&gt;Donate&lt;/h2&gt;				&lt;p&gt;Your small donations can help a lot to a children &lt;/p&gt;				&lt;a href=&quot;/donation&quot; class=&quot;btn btn-primary&quot;&gt;More&lt;/a&gt;			&lt;/div&gt;		&lt;/div&gt;		&lt;div class=&quot;col-md-4 donate-project-connect-box&quot;&gt;			&lt;div class=&quot;col-md-4 text-center news-margin&quot;&gt;				&lt;img src=&quot;/assets/image/project.png&quot;/&gt;			&lt;/div&gt;			&lt;div class=&quot;col-md-8&quot;&gt;				&lt;h2&gt;Projects&lt;/h2&gt;				&lt;p&gt;view the list of projects we have done&lt;/p&gt;				&lt;a href=&quot;/project&quot; class=&quot;btn btn-primary&quot;&gt;View All Projects&lt;/a&gt;			&lt;/div&gt;		&lt;/div&gt;		&lt;div class=&quot;col-md-4 donate-project-connect-box&quot;&gt;			&lt;div class=&quot;col-md-4 text-center news-margin&quot;&gt;				&lt;img src=&quot;/assets/image/connect.png&quot;/&gt;			&lt;/div&gt;			&lt;div class=&quot;col-md-8&quot;&gt;				&lt;h2&gt;Connect&lt;/h2&gt;				&lt;p&gt;You can connect with us by following us on social&lt;/p&gt;				&lt;a href=&quot;&quot; class=&quot;btn btn-primary&quot;&gt;More&lt;/a&gt;			&lt;/div&gt;		&lt;/div&gt;	&lt;/div&gt;	&lt;div class=&quot;row news-row&quot;&gt;		&lt;h3 class=&quot;news-header&quot;&gt;New and Events&lt;/h3&gt;	&lt;/div&gt;	&lt;div class=&quot;row donate-project-connect&quot;&gt;			&lt;div class=&quot;col-md-6&quot;&gt;				&lt;div class=&quot;embed-responsive embed-responsive-16by9&quot;&gt;					&lt;iframe class=&quot;embed-responsive-item&quot; width=&quot;560&quot; height=&quot;315&quot; src=&quot;https://www.youtube.com/embed/rtOvBOTyX00&quot;&gt;&lt;/iframe&gt;				&lt;/div&gt;			&lt;/div&gt;			&lt;div class=&quot;col-md-6&quot;&gt;					&lt;div class=&quot;panel panel-default&quot;&gt;					  &lt;!-- Default panel contents --&gt;						&lt;div class=&quot;panel-heading&quot;&gt;							&lt;span class=&quot;donation-list&quot;&gt;List of Donation&lt;/span&gt;						&lt;/div&gt;					  &lt;!-- Table --&gt;					  	&lt;table class=&quot;table&quot;&gt;					  		&lt;thead&gt;					  			&lt;tr&gt;					  				&lt;th&gt;Name&lt;/th&gt;&lt;th&gt;Amount&lt;/th&gt;					  			&lt;/tr&gt;					  		&lt;/thead&gt;					  		&lt;tbody&gt;					  		&lt;/tbody&gt;					  	&lt;/table&gt;					&lt;/div&gt;					&lt;a href=&quot;/donation&quot; class=&quot;btn btn-info&quot;&gt;View Donations&lt;/a&gt;			&lt;/div&gt;	&lt;/div&gt;        &lt;hr&gt;&lt;footer class=&quot;container&quot;&gt;	&lt;div class=&quot;col-md-4&quot;&gt;		&lt;ul class=&quot;nav navbar-nav&quot;&gt;			&lt;li&gt;&lt;a class=&quot;btn btn-social-icon btn-facebook&quot; href=&quot;https://www.facebook.com/Hamro-Bhabisya-181003218772401/&quot;&gt;			&lt;i class=&quot;fa fa-facebook&quot;&gt;&lt;/i&gt;&lt;/a&gt;&lt;/li&gt;			&lt;li&gt;&lt;a class=&quot;btn btn-social-icon btn-twitter&quot;&gt;&lt;i class=&quot;fa fa-twitter&quot;&gt;&lt;/i&gt;&lt;/a&gt;&lt;/li&gt;			&lt;li&gt;&lt;a class=&quot;btn btn-social-icon btn-youtube&quot;&gt;&lt;i class=&quot;fa fa-youtube&quot;&gt;&lt;/i&gt;&lt;/a&gt;&lt;/li&gt;		&lt;/ul&gt;	&lt;/div&gt;	&lt;div class=&quot;col-md-4 text-center&quot;&gt;	&lt;p class=&quot;footer-copyright&quot;&gt;&amp;copy; Hamrobhabisya, 2015&lt;/p&gt;	&lt;/div&gt;	&lt;div class=&quot;col-md-4&quot;&gt;		&lt;ul class=&quot;nav navbar-nav footer-right&quot;&gt;			&lt;li&gt;&lt;a href=&quot;/about&quot;&gt;About Us&lt;/a&gt;&lt;/li&gt;			&lt;li&gt;&lt;a href=&quot;/donation&quot;&gt;Donation&lt;/a&gt;&lt;/li&gt;			&lt;li&gt;&lt;a href=&quot;/contact/new&quot;&gt;Contact Us&lt;/a&gt;&lt;/li&gt;			&lt;li&gt;&lt;a href=&quot;/members&quot;&gt;Members&lt;/a&gt;&lt;/li&gt;		&lt;/ul&gt;	&lt;/div&gt;&lt;/footer&gt;            &lt;/div&gt; &lt;!-- /container --&gt;    &lt;script type=&quot;text/javascript&quot; src=&quot;/assets/webjars/jquery/2.1.3/jquery.js&quot;&gt;&lt;/script&gt;    &lt;script type=&quot;text/javascript&quot; src=&quot;/assets/webjars/tinymce-jquery/4.0.16/tinymce.min.js&quot; &gt;&lt;/script&gt;    &lt;script type=&quot;text/javascript&quot; src=&quot;/assets/webjars/bootstrap/3.3.4/js/bootstrap.min.js&quot;&gt;&lt;/script&gt;    &lt;script type=&quot;text/javascript&quot; src=&quot;/assets/js/jquery.form.js&quot;&gt;&lt;/script&gt;    &lt;script type=&quot;text/javascript&quot; src=&quot;/assets/js/jquery.slides.min.js&quot;&gt;&lt;/script&gt;    &lt;script type=&quot;text/javascript&quot; src=&quot;/assets/js/jquery.validate.min.js&quot;&gt;&lt;/script&gt;    &lt;script type=&quot;text/javascript&quot; src=&quot;/assets/js/jquery-ui.min.js&quot;&gt;&lt;/script&gt;    &lt;script type=&quot;text/javascript&quot; src=&quot;/assets/js/jquery-confirm.min.js&quot;&gt;&lt;/script&gt;    &lt;script type=&quot;text/javascript&quot; src=&quot;/assets/js/custom.js&quot;&gt;&lt;/script&gt;    &lt;/body&gt;&lt;/html&gt;&lt;script&gt;    $(function(){      $(&quot;#slides&quot;).slidesjs({        width: 940,        height: 420, //528        play: {            active: true,            auto: true,            interval: 5000,            swap: true,            pauseOnHover: true,            restartDelay: 2500,            effect: &quot;slide&quot; // [string] Can be either &quot;slide&quot; or &quot;fade&quot;.                    },        pagination: {            active: false,        },        navigation: {            active: false,          }                });    });  &lt;/script&gt;
12:56:26.871 [main] INFO  ninja.lifecycle.LifecycleServiceImpl - Stopping Ninja application...
12:56:26.878 [main] INFO  ninja.lifecycle.LifecycleServiceImpl - Ninja application stopped in 7ms
12:56:26.879 [main] INFO  o.e.j.server.handler.ContextHandler - Stopped o.e.j.s.ServletContextHandler@3330f3ad{/,null,UNAVAILABLE}
12:56:26.888 [main] INFO  o.e.jetty.server.ServerConnector - Stopped ServerConnector@4de1f12{HTTP/1.1}{0.0.0.0:1024}
</system-out>
    <system-err>Nov 04, 2015 12:56:26 PM dao.ProjectDao getLatestProjectFrontPage
INFO: Project was not found while running the app for the first time in class dao.ProjectDao method : null
Nov 04, 2015 12:56:26 PM dao.ProjectDao getLatestNewsEventFrontPage
INFO: News and events not found while running the app for first time in class dao.ProjectDao
</system-err>
  </testcase>
</testsuite>